<?xml version="1.0" encoding="UTF-8"?>
<!-- Generated by org.testng.reporters.JUnitXMLReporter -->
<testsuite hostname="Shashanks-MacBook-Air.local" ignored="2" name="Car Loan" tests="5" failures="0" timestamp="27 Jan 2019 19:02:39 GMT" time="0.078" errors="0">
  <testcase name="LoginAPICarloan" time="0.012" classname="test.day3"/>
  <testcase name="LoginAPICarloan" time="0.004" classname="test.day3"/>
  <testcase name="LoginAPICarloan" time="0.002" classname="test.day3"/>
  <testcase name="Mobilelogincarloan" time="0.003" classname="test.day3"/>
  <testcase name="weblogincarloan" time="0.001" classname="test.day3"/>
  <testcase name="MobileSignincarloan" time="0.0" classname="test.day3">
    <ignored/>
  </testcase> <!-- MobileSignincarloan -->
  <testcase name="MobileSignoutcarloan" time="0.0" classname="test.day3">
    <ignored/>
  </testcase> <!-- MobileSignoutcarloan -->
</testsuite> <!-- Car Loan -->
