<?xml version="1.0" encoding="UTF-8"?>
<!-- Generated by org.testng.reporters.JUnitXMLReporter -->
<testsuite hostname="Shashanks-MacBook-Air.local" ignored="1" name="Personal Loan" tests="5" failures="1" timestamp="27 Jan 2019 19:02:39 GMT" time="0.078" errors="0">
  <testcase name="secondTest" time="0.008" classname="test.day1"/>
  <testcase name="ploan" time="0.002" classname="test.day2"/>
  <testcase name="LoginAPIhomeloan" time="0.011" classname="test.day4">
    <failure type="java.lang.AssertionError" message="expected [true] but found [false]">
      <![CDATA[java.lang.AssertionError: expected [true] but found [false]
at test.day4.LoginAPIhomeloan(day4.java:38)
at java.util.concurrent.FutureTask.run(FutureTask.java:266)
at java.util.concurrent.ThreadPoolExecutor.runWorker(ThreadPoolExecutor.java:1149)
at java.util.concurrent.ThreadPoolExecutor$Worker.run(ThreadPoolExecutor.java:624)
at java.lang.Thread.run(Thread.java:748)
... Removed 20 stack frames]]>
    </failure>
  </testcase> <!-- LoginAPIhomeloan -->
  <testcase name="Mobileloginhomeloan" time="0.002" classname="test.day4"/>
  <testcase name="webloginhomeloan" time="0.002" classname="test.day4"/>
  <testcase name="Demo" time="0.0" classname="test.day1">
    <ignored/>
  </testcase> <!-- Demo -->
</testsuite> <!-- Personal Loan -->
