<?xml version="1.0" encoding="UTF-8"?>
<!-- Generated by org.testng.reporters.JUnitXMLReporter -->
<testsuite hostname="Shashanks-MacBook-Air.local" ignored="8" name="Regression" tests="3" failures="0" timestamp="08 Jan 2019 17:31:21 GMT" time="0.061" errors="0">
  <testcase name="Mobileloginhomeloan" time="0.011" classname="test.day4"/>
  <testcase name="MobileSignoutcarloan" time="0.003" classname="test.day3"/>
  <testcase name="Mobilelogincarloan" time="0.002" classname="test.day3"/>
  <testcase name="ploan" time="0.0" classname="test.day2">
    <ignored/>
  </testcase> <!-- ploan -->
  <testcase name="webloginhomeloan" time="0.0" classname="test.day4">
    <ignored/>
  </testcase> <!-- webloginhomeloan -->
  <testcase name="LoginAPIhomeloan" time="0.0" classname="test.day4">
    <ignored/>
  </testcase> <!-- LoginAPIhomeloan -->
  <testcase name="secondTest" time="0.0" classname="test.day1">
    <ignored/>
  </testcase> <!-- secondTest -->
  <testcase name="MobileSignincarloan" time="0.0" classname="test.day3">
    <ignored/>
  </testcase> <!-- MobileSignincarloan -->
  <testcase name="weblogincarloan" time="0.0" classname="test.day3">
    <ignored/>
  </testcase> <!-- weblogincarloan -->
  <testcase name="LoginAPICarloan" time="0.0" classname="test.day3">
    <ignored/>
  </testcase> <!-- LoginAPICarloan -->
  <testcase name="Demo" time="0.0" classname="test.day1">
    <ignored/>
  </testcase> <!-- Demo -->
</testsuite> <!-- Regression -->
